
Showing logs for build [32mcb-kubecd-environment-pr-197-49-rbbjm-1[0m stage [32mfrom-build-pack[0m and container [32mstep-credential-initializer-tpcwr[0m
{"level":"warn","ts":1586364617.7528124,"logger":"fallback-logger","caller":"logging/config.go:69","msg":"Fetch GitHub commit ID from kodata failed: \"ref: refs/heads/0.8.0-**-support-backwards-incompats\" is not a valid GitHub commit ID"}
{"level":"info","ts":1586364617.7549934,"logger":"fallback-logger","caller":"creds-init/main.go:40","msg":"Credentials initialized."}

Showing logs for build [32mcb-kubecd-environment-pr-197-49-rbbjm-1[0m stage [32mfrom-build-pack[0m and container [32mstep-working-dir-initializer-hwjsv[0m
{"level":"warn","ts":1586364618.678813,"logger":"fallback-logger","caller":"logging/config.go:69","msg":"Fetch GitHub commit ID from kodata failed: open /var/run/ko/HEAD: no such file or directory"}
{"level":"info","ts":1586364618.6803942,"logger":"fallback-logger","caller":"bash/main.go:64","msg":"Successfully executed command \"sh -c mkdir -p /workspace/source\"; output "}

Showing logs for build [32mcb-kubecd-environment-pr-197-49-rbbjm-1[0m stage [32mfrom-build-pack[0m and container [32mstep-place-tools[0m

Showing logs for build [32mcb-kubecd-environment-pr-197-49-rbbjm-1[0m stage [32mfrom-build-pack[0m and container [32mstep-git-source-cb-kubecd-environment-pr-197-49-rbbjm-75qrk[0m
{"level":"warn","ts":1586364624.0880022,"logger":"fallback-logger","caller":"logging/config.go:69","msg":"Fetch GitHub commit ID from kodata failed: \"ref: refs/heads/0.8.0-**-support-backwards-incompats\" is not a valid GitHub commit ID"}
{"level":"info","ts":1586364625.1004333,"logger":"fallback-logger","caller":"git/git.go:103","msg":"Successfully cloned https://github.com/cb-kubecd/environment-pr-197-49-boot-gke-staging.git @ master in path /workspace/source"}

Showing logs for build [32mcb-kubecd-environment-pr-197-49-rbbjm-1[0m stage [32mfrom-build-pack[0m and container [32mstep-git-merge[0m
Using SHAs from PULL_REFS=master:ad95c5d487b97b56f8077b0ac1bf97a505f2abcb,2:fb89e25fcc8525dd44b8bebd6cb269714a6d7aba
DEBUG: LC_ALL=C JX_LOG_LEVEL=error git fetch origin --unshallow fb89e25fcc8525dd44b8bebd6cb269714a6d7aba: ad95c5d487b97b56f8077b0ac1bf97a505f2abcb:
DEBUG: ran git fetch --unshallow origin fb89e25fcc8525dd44b8bebd6cb269714a6d7aba: ad95c5d487b97b56f8077b0ac1bf97a505f2abcb: in 
DEBUG: LC_ALL=C JX_LOG_LEVEL=error git branch
DEBUG: LC_ALL=C JX_LOG_LEVEL=error git checkout master
DEBUG: ran git checkout master in 
DEBUG: LC_ALL=C JX_LOG_LEVEL=error git reset --hard ad95c5d487b97b56f8077b0ac1bf97a505f2abcb
DEBUG: ran git reset --hard ad95c5d487b97b56f8077b0ac1bf97a505f2abcb in 
DEBUG: LC_ALL=C JX_LOG_LEVEL=error git clean -fd .
DEBUG: ran clean --force -d . in 
DEBUG: LC_ALL=C JX_LOG_LEVEL=error git merge fb89e25fcc8525dd44b8bebd6cb269714a6d7aba
DEBUG: ran git merge fb89e25fcc8525dd44b8bebd6cb269714a6d7aba in 
DEBUG: LC_ALL=C JX_LOG_LEVEL=error git log --format=%H%x1f%an%x1f%ae%x1f%cn%x1f%ce%x1f%s%n%b%x1e ad95c5d487b97b56f8077b0ac1bf97a505f2abcb..HEAD
Merged SHA fb89e25fcc8525dd44b8bebd6cb269714a6d7aba with commit message 'chore: Promote bdd-gh-1586364291 to version 0.0.1' into base branch master

Showing logs for build [32mcb-kubecd-environment-pr-197-49-rbbjm-1[0m stage [32mfrom-build-pack[0m and container [32mstep-build-helm-build[0m
WARNING: No $CHART_REPOSITORY defined so using the default value of: http://jenkins-x-chartmuseum:8080
Adding missing Helm repo: storage.googleapis.com https://storage.googleapis.com/chartmuseum.jenkins-x.io
WARNING: No secrets found on "helm/repos" due: reading the secret "helm/repos" from vault: no secret "helm/repos" not found in vault
Read credentials for https://storage.googleapis.com/chartmuseum.jenkins-x.io from vault helm/repos
Successfully added Helm repository storage.googleapis.com.
Adding missing Helm repo: jenkins-x-chartmuseum http://jenkins-x-chartmuseum:8080
WARNING: No secrets found on "helm/repos" due: reading the secret "helm/repos" from vault: no secret "helm/repos" not found in vault
Read credentials for http://jenkins-x-chartmuseum:8080 from vault helm/repos
Successfully added Helm repository jenkins-x-chartmuseum.
WARNING: No $CHART_REPOSITORY defined so using the default value of: http://jenkins-x-chartmuseum:8080
Adding missing Helm repo: chartmuseum.jenkins-x.io http://chartmuseum.jenkins-x.io
WARNING: No secrets found on "helm/repos" due: reading the secret "helm/repos" from vault: no secret "helm/repos" not found in vault
Read credentials for http://chartmuseum.jenkins-x.io from vault helm/repos
Successfully added Helm repository chartmuseum.jenkins-x.io.
